Renters Block Phase-2/RB Converted Code/libraryproject/build/outputs/logs/manifest-merger-debug-report.txt
-- Merging decision tree log ---
manifest
ADDED from RB Converted Code\libraryproject\AndroidManifest.xml:2:1-8:12
INJECTED from RB Converted Code\libraryproject\AndroidManifest.xml:2:1-8:12
INJECTED from RB Converted Code\libraryproject\AndroidManifest.xml:2:1-8:12
INJECTED from RB Converted Code\libraryproject\AndroidManifest.xml:2:1-8:12
INJECTED from RB Converted Code\libraryproject\AndroidManifest.xml:2:1-8:12
INJECTED from RB Converted Code\libraryproject\AndroidManifest.xml:2:1-8:12
INJECTED from RB Converted Code\libraryproject\AndroidManifest.xml:2:1-8:12
	package
		ADDED from RB Converted Code\libraryproject\AndroidManifest.xml:3:5-23
		INJECTED from RB Converted Code\libraryproject\AndroidManifest.xml
		INJECTED from RB Converted Code\libraryproject\AndroidManifest.xml
	android:versionName
		ADDED from RB Converted Code\libraryproject\AndroidManifest.xml:5:5-32
		INJECTED from RB Converted Code\libraryproject\AndroidManifest.xml
		INJECTED from RB Converted Code\libraryproject\AndroidManifest.xml
	xmlns:android
		ADDED from RB Converted Code\libraryproject\AndroidManifest.xml:2:11-69
	android:versionCode
		ADDED from RB Converted Code\libraryproject\AndroidManifest.xml:4:5-28
		INJECTED from RB Converted Code\libraryproject\AndroidManifest.xml
		INJECTED from RB Converted Code\libraryproject\AndroidManifest.xml
uses-sdk
ADDED from RB Converted Code\libraryproject\AndroidManifest.xml:7:5-43
INJECTED from RB Converted Code\libraryproject\AndroidManifest.xml:7:5-43
INJECTED from RB Converted Code\libraryproject\AndroidManifest.xml:7:5-43
INJECTED from RB Converted Code\libraryproject\AndroidManifest.xml:7:5-43
INJECTED from RB Converted Code\libraryproject\AndroidManifest.xml:7:5-43
	android:targetSdkVersion
		INJECTED from RB Converted Code\libraryproject\AndroidManifest.xml
		ADDED from RB Converted Code\libraryproject\AndroidManifest.xml:7:5-43
		INJECTED from RB Converted Code\libraryproject\AndroidManifest.xml
	android:minSdkVersion
		ADDED from RB Converted Code\libraryproject\AndroidManifest.xml:7:15-40
		INJECTED from RB Converted Code\libraryproject\AndroidManifest.xml
		INJECTED from RB Converted Code\libraryproject\AndroidManifest.xml